0
0
0
0
72
0
0
0
0
0
0
0
0
0
0
0
0
0
0
0
0
1
16
13
20
27
29
38
35
44
42
45
44
48
45
47
46
51
51
52
53
50
56
51
52
53
54
55
54
52
57
59
56
56
58
54
57
56
57
56
57
58
57
57
58
57
58
57
57
58
57
58
57
58
59
57
59
57
58
58
58
58
59
58
59
58
59
58
59
58
59
58
59
58
59
59
59
59
59
59
59
59
59
59
59
58
59
59
59
59
59
59
59
59
59
59
59
59
59
59
59
59
59
59
59
59
59
59
59
59
59
59
59
59
59
59
59
59
59
59
59
59
59
59
59
59
59
59
60
59
60
59
60
59
60
59
60
59
60
59
60
59
60
59
60
59
59
59
60
60
60
59
60
60
60
60
60
60
60
60
60
60
60
60
60
60
60
60
60
60
60
60
60
60
60
60
60
59
60
60
60
60
60
60
60
60
60
60
60
60
61
60
61
60
61
60
61
60
61
60
61
60
61
61
61
61
61
61
61
61
61
60
61
61
61
61
61
61
61
61
61
61
61
60
61
61
61
61
61
61
62
61
61
61
62
61
62
61
62
61
61
61
62
61
62
61
62
62
62
62
62
61
62
62
62
62
62
62
62
62
62
62
62
62
62
62
62
62
62
62
62
62
62
62
62
62
63
62
63
62
63
62
63
62
63
62
63
62
63
62
63
62
63
63
63
63
63
63
63
63
63
63
63
63
63
63
63
63
63
63
63
62
63
63
63
63
64
63
64
63
64
63
64
63
64
63
64
63
64
63
64
63
64
64
64
64
64
64
64
64
64
64
64
64
64
64
64
64
64
64
64
64
64
64
64
64
63
62
4
27
1023
261
92
85
62
11
13
0
0
0
0
23
0
0
132
186
61
0
0
2
19
0
8
42
4
0
0
0
0
0
196
0
52
0
0
0
0
586
452
53
0
196
31
37
43
42
42
45
46
55
52
51
51
49
52
52
51
54
54
56
55
57
55
55
54
55
57
55
57
58
58
59
62
59
64
58
58
56
59
58
59
58
60
60
62
60
59
60
59
62
60
59
59
58
59
60
60
60
60
61
60
61
61
61
61
60
60
61
61
61
61
61
61
62
61
62
61
62
61
62
61
62
61
62
61
62
61
62
61
62
61
62
61
62
61
62
61
62
61
62
61
62
61
62
61
62
61
62
61
62
61
61
61
61
62
62
61
62
62
62
62
62
62
62
62
62
62
62
62
62
62
62
62
62
62
62
62
62
62
62
61
62
62
62
62
62
61
62
62
62
62
63
62
62
62
62
62
62
62
62
62
62
62
62
62
62
62
62
62
62
62
62
62
62
62
62
62
62
62
62
63
62
62
62
63
62
62
63
62
63
62
63
62
63
62
63
62
63
62
62
62
63
62
63
63
63
63
63
63
63
63
63
63
63
63
63
63
63
63
63
63
63
63
63
63
63
63
63
63
63
63
63
63
64
63
63
63
64
63
63
63
64
63
64
64
64
63
64
64
64
63
64
64
63
63
64
64
64
63
64
63
64
64
64
63
64
64
64
64
64
64
64
64
64
64
64
64
64
64
65
65
64
64
64
64
65
64
65
64
64
64
64
64
64
64
65
64
65
64
65
64
65
64
65
64
65
64
65
65
65
64
65
66
65
65
65
65
65
65
66
65
65
65
65
65
65
65
65
65
65
66
65
65
66
65
65
65
66
65
66
66
65
65
63
66
66
66
66
66
66
66
67
65
66
66
66
66
66
66
66
66
66
66
66
66
67
66
66
66
66
66
67
66
67
66
67
66
67
66
67
66
67
66
67
67
67
67
67
67
67
67
67
67
67
67
67
67
67
67
67
67
67
67
68
67
67
67
67
67
68
67
68
67
68
67
68
68
68
68
68
68
68
68
68
68
68
68
68
68
69
68
68
68
68
68
68
68
69
68
68
68
68
68
68
68
68
68
69
68
69
69
69
68
68
68
69
69
69
69
6
100
100
101
100
100
100
100
100
100
100
101
100
100
100
100
100
100
100
100
100
100
100
100
100
100
100
100
102
100
100
100
99
100
99
99
99
99
99
99
99
99
99
99
99
99
99
99
99
99
99
99
99
99
99
100
99
99
99
99
98
99
99
99
98
99
98
99
98
99
99
99
101
98
98
99
98
99
99
99
99
99
98
99
99
99
99
99
98
99
98
99
98
99
98
99
99
100
99
100
99
101
98
100
99
100
99
99
99
99
99
100
102
99
99
99
99
100
99
100
99
100
99
100
99
100
99
100
99
100
99
100
99
100
99
198
99
100
99
100
99
100
99
100
99
100
99
99
99
99
99
99
99
99
99
99
99
99
99
99
99
99
99
99
99
99
99
99
99
99
110
99
99
99
99
100
99
100
99
100
99
100
99
100
99
100
99
99
105
99
98
99
98
98
98
98
98
98
98
98
97
98
97
98
98
98
98
98
98
98
97
98
97
98
98
98
98
98
98
98
97
98
98
105
97
98
98
98
98
98
98
98
102
98
97
98
98
98
98
98
97
98
138
98
98
98
98
98
97
98
98
98
98
98
98
98
98
99
98
98
98
98
98
98
98
98
98
98
98
98
98
98
98
98
98
98
98
98
98
99
98
99
98
99
98
99
98
99
99
99
99
99
99
99
99
99
99
99
99
99
100
99
100
99
100
99
100
99
100
99
100
99
100
99
100
99
100
99
100
99
100
99
100
99
100
99
100
99
100
99
100
99
100
99
100
99
100
99
100
99
99
99
99
99
99
99
99
99
99
99
99
99
99
99
99
99
99
99
99
99
99
98
99
99
99
98
99
98
99
98
99
98
99
98
99
98
98
98
98
98
98
98
98
98
98
98
98
98
98
98
98
98
99
98
99
99
99
99
99
99
99
99
99
98
98
98
98
98
99
98
98
98
99
98
99
98
99
98
99
98
99
98
99
99
99
99
99
99
99
99
99
99
99
98
99
99
99
99
100
97
96
102
99
101
101
100
100
101
100
101
106
102
100
96
99
98
99
98
99
99
100
100
101
101
101
101
103
101
103
104
106
106
108
108
106
110
110
110
110
111
111
110
111
113
113
114
115
115
116
124
125
118
118
118
119
119
119
119
119
119
120
120
120
120
120
120
121
120
121
120
121
121
121
121
121
121
122
121
122
121
122
121
122
121
122
122
122
121
122
121
122
122
122
121
122
121
122
121
122
121
121
121
121
121
121
120
121
120
121
120
120
120
120
120
120
119
120
119
119
119
119
118
119
118
118
118
118
118
118
117
117
117
117
117
117
116
117
116
116
116
116
115
115
115
115
115
115
114
126
114
114
167
114
114
167
113
114
169
113
113
113
112
159
111
111
157
111
111
167
110
122
110
110
154
109
109
151
108
121
108
108
151
108
107
108
107
120
106
107
166
106
106
167
105
106
105
105
105
105
105
104
159
104
104
175
103
117
103
104
103
104
103
103
103
103
102
103
102
103
102
102
102
102
102
102
101
102
101
101
101
101
111
101
101
108
101
102
101
101
105
101
100
107
100
101
108
101
101
100
100
108
100
100
109
99
100
99
99
104
99
100
105
99
99
102
98
107
98
99
105
98
98
110
98
99
107
98
98
98
97
98
97
98
97
98
97
98
97
97
97
97
97
97
97
97
97
97
96
97
96
97
96
97
96
97
96
96
96
97
96
96
96
96
96
96
96
96
96
96
96
96
96
96
96
96
96
96
96
96
96
96
96
96
96
96
96
97
97
97
97
97
97
97
96
96
96
96
96
113
96
97
96
96
96
96
96
96
96
139
96
96
96
96
153
96
95
96
96
162
96
145
95
96
96
96
95
95
95
134
95
128
95
96
95
95
95
95
95
95
129
95
143
95
95
95
95
94
94
94
94
94
94
136
94
94
94
94
94
94
94
94
154
94
93
93
93
158
94
93
93
93
92
93
93
100
93
93
92
94
131
93
93
144
93
93
94
93
92
92
92
92
92
92
92
92
92
92
91
92
91
92
91
92
91
92
92
92
91
92
91
92
91
92
91
92
91
92
91
92
91
91
91
91
91
92
91
91
91
91
91
92
91
91
91
91
91
91
91
99
91
91
91
91
91
182
91
91
91
91
91
91
131
91
91
91
90
91
135
91
91
91
90
91
217
93
91
91
91
91
91
116
91
91
91
91
91
91
117
91
90
91
90
91
222
91
90
91
90
91
90
91
90
91
90
90
90
90
90
91
90
91
90
91
90
91
90
91
90
91
90
91
91
91
111
91
90
91
91
91
99
91
91
91
91
91
91
91
91
91
91
125
91
92
91
92
91
96
91
92
92
92
92
92
92
92
92
92
92
93
92
93
92
93
92
93
93
93
93
94
129
94
93
93
93
93
114
93
93
93
93
94
126
93
93
94
93
94
98
94
94
94
94
94
120
94
94
95
94
94
95
94
94
94
94
95
94
95
94
96
95
95
94
95
94
95
94
95
94
95
94
95
94
95
94
95
189
97
94
95
94
95
94
102
94
95
94
94
94
95
94
95
94
94
166
94
94
95
94
94
163
94
94
95
94
95
146
95
94
95
94
94
109
94
94
94
93
94
93
94
93
94
93
94
93
94
93
94
93
94
93
94
93
94
93
94
93
94
93
94
95
94
93
93
93
94
93
93
93
94
94
94
94
94
94
94
94
94
94
94
94
94
94
94
94
95
94
94
94
95
95
94
95
95
95
95
95
96
95
95
95
96
96
96
95
96
95
96
96
97
96
97
96
97
96
97
96
96
96
96
96
96
96
96
96
97
96
97
96
97
96
97
97
97
97
97
97
97
97
97
97
97
97
97
97
97
97
98
97
98
97
98
97
98
97
98
97
98
98
98
98
98
98
98
98
98
98
98
98
98
98
98
98
98
98
98
98
98
98
98
98
99
98
99
98
99
98
99
98
99
99
99
99
99
99
99
99
99
99
99
98
99
98
99
98
99
98
99
99
99
99
99
99
99
98
99
98
99
99
99
99
99
99
99
99
99
99
99
99
99
99
99
99
100
99
100
99
100
99
100
99
100
99
100
99
100
99
100
99
100
99
100
99
100
99
100
100
100
100
100
100
100
100
101
99
100
100
100
100
100
100
101
100
101
100
101
100
100
100
100
100
100
100
100
100
100
100
100
100
100
100
100
100
100
100
100
100
100
100
100
100
100
100
100
100
100
100
100
80
80
80
80
80
80
80
80
80
81
80
81
80
81
80
80
80
80
80
80
80
80
80
81
80
80
80
80
80
81
80
80
80
81
80
81
80
81
80
81
81
81
80
81
81
81
81
81
81
81
81
82
81
82
81
81
81
81
81
81
81
81
81
81
81
81
81
81
81
81
81
82
81
82
81
82
82
82
82
82
82
82
82
82
82
82
82
82
82
82
82
82
82
82
82
82
82
82
82
82
82
82
82
82
82
82
82
82
82
82
82
83
82
83
82
83
82
82
83
82
82
83
82
83
83
83
83
83
83
83
83
83
83
83
83
83
83
83
83
83
83
84
83
84
83
84
84
84
84
84
84
84
84
85
84
85
84
85
85
85
85
85
85
85
85
85
85
85
85
85
85
85
85
86
85
86
85
86
85
86
86
86
86
86
86
86
86
86
86
86
86
86
86
86
86
86
86
86
86
86
86
87
86
87
87
87
87
87
86
86
86
87
86
86
86
87
86
86
86
86
86
87
86
87
86
87
86
87
86
87
87
87
86
87
87
87
87
87
87
87
87
87
87
87
87
88
87
88
87
88
87
88
87
87
87
87
87
87
87
87
87
87
87
87
87
87
87
87
87
87
87
87
87
87
87
88
87
87
87
87
87
88
87
88
87
87
87
88
87
88
87
88
87
88
87
88
87
88
87
88
87
88
87
88
87
88
87
88
87
88
87
88
87
88
87
88
87
88
87
88
87
88
88
88
88
88
88
88
87
88
87
87
87
87
87
87
87
87
87
88
87
88
87
88
87
87
87
87
87
88
87
88
87
87
87
88
87
88
87
88
87
88
87
88
87
88
87
88
87
88
87
87
87
87
87
88
87
88
87
88
87
88
87
88
87
88
87
88
87
88
87
88
87
88
87
88
88
89
88
88
88
88
87
88
87
88
87
88
87
87
87
88
87
88
87
88
87
88
87
87
87
88
87
88
87
87
87
87
87
88
87
87
87
88
87
88
87
87
87
88
87
88
87
88
87
88
87
88
87
88
87
88
87
88
87
88
87
88
87
88
87
88
87
88
87
87
87
88
87
88
88
88
88
88
88
88
88
88
87
88
88
88
87
88
88
88
88
88
88
88
88
88
88
89
88
89
89
89
89
90
90
91
90
91
91
92
92
93
93
94
93
94
94
95
95
96
96
97
96
97
97
98
98
99
99
99
99
100
100
101
100
101
101
102
101
102
102
103
102
103
103
103
103
104
104
105
104
105
105
105
105
105
105
106
105
105
105
105
105
105
105
105
104
104
104
104
103
104
104
104
103
104
103
104
103
104
103
104
103
104
103
103
103
103
103
103
103
103
102
103
102
103
102
102
102
102
102
102
101
102
101
102
101
101
101
101
101
101
101
102
101
102
101
102
102
102
102
103
102
103
103
103
103
103
102
103
103
103
103
103
103
103
103
104
103
104
104
104
104
104
104
104
104
105
104
105
104
105
105
105
105
105
105
105
105
105
104
105
104
105
104
105
104
105
104
105
104
105
104
105
104
105
105
105
105
105
105
105
105
105
105
105
105
106
105
106
105
106
106
106
106
106
106
106
106
106
105
106
105
106
105
106
105
106
105
106
105
106
105
106
105
106
105
106
105
106
105
106
105
106
105
106
105
106
105
106
106
106
106
106
106
106
106
106
105
106
106
106
105
106
105
106
105
106
105
106
105
106
105
106
105
106
105
106
106
106
106
106
106
106
106
106
106
107
106
107
106
107
106
106
106
106
106
106
106
106
106
106
106
106
106
106
106
106
106
106
106
106
106
106
106
106
106
106
106
107
106
106
106
106
106
106
106
106
106
106
105
106
105
105
105
105
104
105
104
104
103
104
103
103
103
103
102
102
102
102
102
101
101
101
100
101
100
100
100
100
100
100
100
100
99
99
98
99
98
98
98
98
98
98
98
98
97
98
97
97
97
97
96
97
96
97
96
96
96
96
96
96
95
96
95
95
95
95
95
95
94
95
94
95
94
94
94
94
94
94
94
94
94
94
94
94
93
94
93
94
93
94
93
94
93
94
93
94
93
94
93
94
93
94
93
94
93
93
93
93
93
93
93
93
92
93
92
93
92
93
92
93
92
93
92
93
92
92
92
92
91
91
91
91
91
91
91
91
90
90
90
90
90
90
89
90
89
89
89
89
88
89
88
88
88
88
88
88
88
88
87
88
88
88
88
88
88
88
88
88
88
88
88
88
88
88
87
83
84
84
85
86
84
85
85
85
84
85
84
85
84
84
83
84
83
83
82
83
82
82
82
82
82
82
81
82
81
82
81
82
81
81
81
81
81
81
81
81
81
81
81
81
81
81
81
81
81
81
81
81
81
81
81
81
81
81
81
82
81
82
81
82
81
82
81
82
82
82
81
82
81
82
81
81
81
81
80
77
79
80
80
81
80
80
80
80
80
81
80
80
80
80
79
80
79
79
75
74
75
77
77
77
77
77
76
77
76
76
76
76
76
76
75
76
75
76
75
75
75
75
75
75
75
75
75
75
75
75
75
75
75
75
75
75
75
76
75
76
75
76
75
76
76
76
76
76
76
76
76
77
76
77
76
77
77
77
77
77
77
77
77
77
77
78
77
78
77
78
78
78
78
78
78
78
78
79
78
79
78
79
79
79
79
80
80
80
80
80
80
80
79
80
80
80
80
80
80
80
80
80
79
80
79
79
79
79
79
79
78
79
78
78
78
78
77
77
77
77
76
77
76
76
76
76
75
75
75
75
75
75
74
74
74
74
73
73
73
73
75
73
72
72
69
68
69
70
70
70
70
70
70
70
69
69
69
69
69
70
69
69
69
69
68
68
68
68
68
68
68
68
68
68
67
68
67
68
67
68
67
68
68
68
68
68
68
68
68
68
68
68
68
69
68
69
68
69
68
69
69
69
69
69
69
69
69
70
69
70
70
70
70
70
70
70
70
75
71
71
71
71
71
71
71
71
71
72
71
72
71
72
72
73
72
73
73
73
72
73
72
73
73
73
73
73
73
73
73
74
73
74
73
74
73
74
74
74
74
74
74
74
74
75
74
75
74
75
75
75
75
75
75
75
75
75
75
76
75
76
76
76
76
76
76
76
76
76
76
77
76
77
77
77
77
77
77
77
77
77
77
78
77
78
78
78
78
78
78
79
78
79
79
79
78
79
78
79
78
79
79
79
79
79
79
79
79
79
79
79
79
79
79
80
79
80
79
80
79
80
80
80
80
80
80
80
80
80
80
80
80
81
80
81
80
81
80
81
80
81
81
81
81
81
81
81
81
81
81
81
81
81
81
82
81
82
81
82
82
82
82
82
82
82
83
83
82
83
83
83
82
83
82
83
82
83
82
83
83
83
83
83
83
83
83
83
83
83
83
83
83
83
83
84
83
84
83
84
83
84
83
84
83
84
83
84
84
84
84
84
84
84
84
84
84
84
84
84
84
84
84
84
84
84
84
84
84
84
84
85
84
85
85
85
84
84
84
84
84
85
85
85
85
84
84
85
85
85
84
84
84
84
84
85
84
85
84
85
84
85
84
85
84
85
84
85
84
85
85
85
85
85
85
85
85
85
85
85
85
85
85
85
85
85
85
85
85
85
85
85
85
85
85
85
85
85
85
85
85
85
85
85
85
85
85
85
85
85
85
85
85
85
85
85
85
85
85
85
85
86
86
86
86
86
86
86
86
86
85
86
85
86
85
86
86
86
86
86
86
86
86
86
86
86
86
86
86
86
86
86
86
86
86
87
86
87
86
87
86
87
86
87
86
87
86
87
87
87
87
87
87
87
87
87
87
87
87
87
87
87
87
87
87
87
87
87
87
87
87
88
87
87
87
88
87
88
88
88
88
88
88
88
88
88
87
88
87
88
87
88
88
88
88
88
88
88
88
88
88
88
88
88
88
88
88
88
88
88
88
88
88
88
88
88
88
88
88
88
88
88
88
88
88
88
88
89
88
88
88
88
88
88
88
88
88
88
88
88
88
88
89
89
88
88
88
89
88
89
88
88
88
89
88
89
89
90
90
90
91
89
89
91
89
90
90
90
91
90
90
91
90
90
89
91
90
92
91
91
91
91
90
90
91
92
91
92
92
92
92
92
92
92
92
93
92
94
93
95
95
95
96
96
96
96
96
95
95
94
94
94
84
83
83
86
88
89
89
90
89
90
89
89
88
89
88
88
87
88
87
87
87
87
86
87
86
87
86
87
86
86
86
86
85
85
85
85
85
85
85
85
85
85
84
85
84
85
84
85
84
85
84
85
84
85
84
85
84
85
84
84
84
85
84
85
84
85
84
85
84
85
84
85
85
85
85
85
85
85
85
85
85
85
85
85
85
85
85
85
85
85
85
85
85
86
85
86
85
86
86
87
86
87
87
87
87
87
87
88
87
87
86
87
86
86
86
86
85
86
85
85
85
85
84
84
84
84
84
84
83
83
83
83
83
83
82
82
81
81
81
81
80
80
80
80
80
80
79
79
79
79
78
78
78
78
77
77
77
77
76
76
76
76
75
75
75
75
74
74
70
70
71
73
72
73
72
73
72
72
72
72
71
72
71
72
71
72
71
73
72
72
72
72
71
72
71
71
71
71
71
71
70
71
70
70
70
70
70
70
70
70
71
71
71
71
70
70
64
63
62
64
65
67
67
68
67
68
67
67
67
67
67
67
67
67
66
67
66
67
66
67
66
67
67
67
68
68
67
65
65
66
66
67
67
68
68
69
69
69
68
69
69
69
68
69
68
68
62
63
64
66
67
68
68
68
68
68
68
68
67
68
67
67
67
68
67
68
67
68
67
68
67
68
68
68
68
68
68
68
68
68
68
69
68
69
69
69
69
69
69
69
69
70
70
70
70
70
70
71
70
71
70
71
71
71
71
71
74
71
71
72
72
72
72
72
72
73
72
73
73
73
73
73
73
74
73
74
74
74
74
74
74
74
74
75
74
75
75
75
75
76
76
77
77
77
76
77
76
76
76
76
76
77
76
77
77
76
76
77
77
77
77
77
77
77
77
77
77
78
77
78
77
78
77
78
77
78
78
78
78
78
78
78
78
78
78
78
78
79
78
79
78
79
78
79
78
79
79
79
79
79
79
79
79
79
79
80
79
80
79
80
80
80
80
80
80
80
80
80
80
80
80
81
80
81
80
81
81
81
81
82
81
82
81
82
81
81
81
81
81
82
81
82
81
82
82
82
82
82
82
82
82
82
82
82
82
83
82
83
82
83
82
83
82
83
83
83
83
83
83
83
83
83
83
84
83
84
83
84
83
84
84
84
84
84
84
84
84
84
84
84
84
84
84
84
84
85
84
85
84
85
84
85
85
85
85
85
85
85
85
85
85
86
85
86
86
86
86
86
86
86
85
86
85
86
85
86
86
86
86
86
86
86
86
86
86
86
86
86
86
86
86
86
86
86
86
86
86
86
86
86
86
87
86
87
86
87
86
87
86
87
87
87
87
87
86
87
87
87
87
87
87
87
87
87
87
87
87
87
87
87
87
87
87
87
87
87
87
87
87
87
87
87
87
87
87
87
87
87
87
88
87
88
87
88
87
88
87
87
87
87
87
87
87
87
87
87
87
87
87
87
87
87
87
87
87
87
87
87
87
87
87
88
87
88
87
88
87
88
87
88
87
88
87
88
87
88
87
88
87
88
87
88
87
88
87
88
87
88
87
88
88
88
87
88
88
88
87
88
87
88
88
88
88
88
87
88
88
88
87
88
87
88
87
88
88
88
88
89
88
89
88
88
88
88
88
88
88
88
88
88
88
88
88
88
88
89
88
89
88
89
88
89
88
89
88
89
88
89
88
89
88
89
88
89
89
89
89
89
89
89
89
89
89
89
89
89
89
89
89
89
89
89
89
89
89
90
89
89
89
89
89
90
89
90
90
90
90
90
90
90
90
90
90
90
90
90
90
90
90
90
89
91
90
90
90
92
90
90
90
91
90
91
90
91
91
91
90
90
92
90
90
90
90
90
90
90
90
90
90
90
90
112
90
90
90
92
90
91
90
90
90
91
90
90
90
90
90
90
90
90
90
90
90
90
90
90
90
90
90
90
90
90
89
90
90
90
90
90
89
90
89
90
89
90
89
90
89
90
89
90
89
90
89
90
89
90
89
90
89
90
94
90
89
90
90
90
90
90
90
90
90
90
89
90
89
90
89
90
89
90
89
90
89
90
89
90
89
90
89
90
89
90
90
90
90
90
89
90
89
90
89
90
89
90
89
90
89
90
89
90
89
90
89
90
89
90
89
90
91
91
91
92
92
92
91
92
91
92
91
91
90
90
90
90
89
90
89
89
89
89
88
88
87
87
87
85
79
77
78
81
83
84
84
85
85
85
84
85
84
84
83
82
82
82
82
82
82
82
82
82
81
82
81
81
81
81
81
81
81
81
80
81
80
81
80
81
80
81
80
81
80
81
80
81
80
81
80
81
80
81
80
81
80
81
80
81
80
81
81
81
81
81
81
81
81
81
81
81
81
81
81
81
81
81
81
82
81
82
81
82
81
82
82
82
82
82
82
82
82
82
82
82
82
83
83
83
83
83
83
83
82
83
82
83
82
83
82
83
82
83
82
83
82
83
82
83
82
83
82
83
83
83
82
83
83
83
83
83
83
83
83
83
83
83
83
83
83
83
83
83
83
83
83
84
83
85
84
85
85
85
86
86
85
86
85
86
85
85
85
85
85
85
85
84
84
84
83
84
83
83
80
79
80
79
79
80
80
81
80
80
80
81
80
80
80
80
79
80
80
79
79
80
79
79
79
78
76
77
77
78
77
77
77
77
77
78
78
78
78
78
77
78
78
78
77
78
77
78
77
77
76
77
76
77
76
76
76
76
76
76
75
76
75
76
75
76
75
75
75
75
74
75
74
75
75
76
75
75
75
75
74
75
74
74
74
74
73
74
73
73
72
73
72
72
72
72
71
72
71
72
71
71
71
71
70
71
71
71
70
70
70
70
70
70
70
70
70
70
70
70
66
61
62
65
67
68
68
69
69
69
68
69
68
68
68
68
68
68
68
68
68
69
68
69
69
70
69
70
72
70
69
70
69
70
69
70
69
70
69
70
69
70
69
69
69
70
69
69
69
69
69
69
69
69
70
70
70
71
71
71
71
71
70
90
60
62
196
76
72
68
150
127
70
68
69
69
68
78
70
69
68
69
68
69
69
69
68
69
69
69
69
69
68
69
69
68
68
69
69
69
69
69
69
69
69
69
69
70
69
70
70
70
70
71
70
71
71
71
71
72
71
72
72
72
72
72
71
72
72
72
72
73
73
73
73
73
73
74
74
74
74
75
74
75
75
75
75
76
76
76
77
77
77
77
76
77
77
77
78
78
80
79
79
79
79
80
79
80
80
80
80
80
80
84
81
81
80
81
81
82
82
82
82
82
82
83
83
83
83
83
